[0.019s] Invoking command in '/Users/shinbeomcheol/Documents/GitHub/ros2_ws/build/MotionController': SHLVL=2 _=/usr/bin/env /opt/homebrew/bin/cmake /Users/shinbeomcheol/Documents/GitHub/ros2_ws/src/MotionController -DCMAKE_INSTALL_PREFIX=/Users/shinbeomcheol/Documents/GitHub/ros2_ws/install/MotionController
[0.044s] CMake Deprecation Warning at CMakeLists.txt:1 (cmake_minimum_required):
[0.044s]   Compatibility with CMake < 3.10 will be removed from a future version of
[0.044s]   CMake.
[0.044s] 
[0.044s]   Update the VERSION argument <min> value.  Or, use the <min>...<max> syntax
[0.044s]   to tell CMake that the project requires at least <min> but has been updated
[0.044s]   to work with policies introduced by <max> or earlier.
[0.044s] 
[0.044s] 
[0.171s] CMake Error at CMakeLists.txt:8 (find_package):
[0.171s]   By not providing "Findament_cmake.cmake" in CMAKE_MODULE_PATH this project
[0.171s]   has asked CMake to find a package configuration file provided by
[0.171s]   "ament_cmake", but CMake did not find one.
[0.171s] 
[0.171s]   Could not find a package configuration file provided by "ament_cmake" with
[0.171s]   any of the following names:
[0.172s] 
[0.172s]     ament_cmakeConfig.cmake
[0.172s]     ament_cmake-config.cmake
[0.172s] 
[0.172s]   Add the installation prefix of "ament_cmake" to CMAKE_PREFIX_PATH or set
[0.172s]   "ament_cmake_DIR" to a directory containing one of the above files.  If
[0.172s]   "ament_cmake" provides a separate development package or SDK, be sure it
[0.172s]   has been installed.
[0.172s] 
[0.172s] 
[0.172s] -- Configuring incomplete, errors occurred!
[0.181s] Invoked command in '/Users/shinbeomcheol/Documents/GitHub/ros2_ws/build/MotionController' returned '1': SHLVL=2 _=/usr/bin/env /opt/homebrew/bin/cmake /Users/shinbeomcheol/Documents/GitHub/ros2_ws/src/MotionController -DCMAKE_INSTALL_PREFIX=/Users/shinbeomcheol/Documents/GitHub/ros2_ws/install/MotionController
