[0.016s] Invoking command in '/Users/shinbeomcheol/Documents/GitHub/ros2_ws/build/Rx_Process': SHLVL=2 _=/usr/bin/env /opt/homebrew/bin/cmake /Users/shinbeomcheol/Documents/GitHub/ros2_ws/src/Rx_Process -DCMAKE_INSTALL_PREFIX=/Users/shinbeomcheol/Documents/GitHub/ros2_ws/install/Rx_Process
[0.314s] CMake Deprecation Warning at CMakeLists.txt:1 (cmake_minimum_required):
[0.314s]   Compatibility with CMake < 3.10 will be removed from a future version of
[0.314s]   CMake.
[0.314s] 
[0.314s]   Update the VERSION argument <min> value.  Or, use the <min>...<max> syntax
[0.314s]   to tell CMake that the project requires at least <min> but has been updated
[0.314s]   to work with policies introduced by <max> or earlier.
[0.314s] 
[0.314s] 
[2.051s] -- The C compiler identification is AppleClang 17.0.0.17000013
[2.141s] -- The CXX compiler identification is AppleClang 17.0.0.17000013
[2.186s] -- Detecting C compiler ABI info
[2.526s] -- Detecting C compiler ABI info - done
[2.543s] -- Check for working C compiler: /usr/bin/cc - skipped
[2.544s] -- Detecting C compile features
[2.544s] -- Detecting C compile features - done
[2.552s] -- Detecting CXX compiler ABI info
[2.728s] -- Detecting CXX compiler ABI info - done
[2.748s] -- Check for working CXX compiler: /usr/bin/c++ - skipped
[2.748s] -- Detecting CXX compile features
[2.748s] -- Detecting CXX compile features - done
[2.824s] CMake Error at CMakeLists.txt:8 (find_package):
[2.824s]   By not providing "Findament_cmake.cmake" in CMAKE_MODULE_PATH this project
[2.824s]   has asked CMake to find a package configuration file provided by
[2.824s]   "ament_cmake", but CMake did not find one.
[2.824s] 
[2.824s]   Could not find a package configuration file provided by "ament_cmake" with
[2.825s]   any of the following names:
[2.825s] 
[2.825s]     ament_cmakeConfig.cmake
[2.825s]     ament_cmake-config.cmake
[2.825s] 
[2.825s]   Add the installation prefix of "ament_cmake" to CMAKE_PREFIX_PATH or set
[2.825s]   "ament_cmake_DIR" to a directory containing one of the above files.  If
[2.825s]   "ament_cmake" provides a separate development package or SDK, be sure it
[2.825s]   has been installed.
[2.825s] 
[2.825s] 
[2.826s] -- Configuring incomplete, errors occurred!
[2.836s] Invoked command in '/Users/shinbeomcheol/Documents/GitHub/ros2_ws/build/Rx_Process' returned '1': SHLVL=2 _=/usr/bin/env /opt/homebrew/bin/cmake /Users/shinbeomcheol/Documents/GitHub/ros2_ws/src/Rx_Process -DCMAKE_INSTALL_PREFIX=/Users/shinbeomcheol/Documents/GitHub/ros2_ws/install/Rx_Process
