[0.126s] DEBUG:colcon:Command line arguments: ['/Users/shinbeomcheol/Library/Python/3.9/bin/colcon', 'build']
[0.126s] DEBUG:colcon:Parsed command line arguments: Namespace(log_base=None, log_level=None, verb_name='build', build_base='build', install_base='install', merge_install=False, symlink_install=False, test_result_base=None, continue_on_error=False, executor='parallel', parallel_workers=8, event_handlers=None, ignore_user_meta=False, metas=['./colcon.meta'], base_paths=['.'], packages_ignore=None, packages_ignore_regex=None, paths=None, packages_up_to=None, packages_up_to_regex=None, packages_above=None, packages_above_and_dependencies=None, packages_above_depth=None, packages_select_by_dep=None, packages_skip_by_dep=None, packages_skip_up_to=None, packages_select_build_failed=False, packages_skip_build_finished=False, packages_select_test_failures=False, packages_skip_test_passed=False, packages_select=None, packages_skip=None, packages_select_regex=None, packages_skip_regex=None, packages_start=None, packages_end=None, cmake_args=None, cmake_target=None, cmake_target_skip_unavailable=False, cmake_clean_cache=False, cmake_clean_first=False, cmake_force_configure=False, ament_cmake_args=None, catkin_cmake_args=None, catkin_skip_building_tests=False, verb_parser=<colcon_defaults.argument_parser.defaults.DefaultArgumentsDecorator object at 0x1058e7be0>, verb_extension=<colcon_core.verb.build.BuildVerb object at 0x1058e76d0>, main=<bound method BuildVerb.main of <colcon_core.verb.build.BuildVerb object at 0x1058e76d0>>)
[0.178s] Level 1:colcon.colcon_core.package_discovery:discover_packages(colcon_meta) check parameters
[0.178s] Level 1:colcon.colcon_core.package_discovery:discover_packages(recursive) check parameters
[0.178s] Level 1:colcon.colcon_core.package_discovery:discover_packages(ignore) check parameters
[0.178s] Level 1:colcon.colcon_core.package_discovery:discover_packages(path) check parameters
[0.178s] Level 1:colcon.colcon_core.package_discovery:discover_packages(colcon_meta) discover
[0.178s] Level 1:colcon.colcon_core.package_discovery:discover_packages(recursive) discover
[0.178s] INFO:colcon.colcon_core.package_discovery:Crawling recursively for packages in '/Users/shinbeomcheol/Documents/GitHub/ros2_ws'
[0.178s] Level 1:colcon.colcon_core.package_identification:_identify(.) by extensions ['ignore', 'ignore_ament_install']
[0.178s] Level 1:colcon.colcon_core.package_identification:_identify(.) by extension 'ignore'
[0.178s] Level 1:colcon.colcon_core.package_identification:_identify(.) by extension 'ignore_ament_install'
[0.178s] Level 1:colcon.colcon_core.package_identification:_identify(.) by extensions ['colcon_pkg']
[0.178s] Level 1:colcon.colcon_core.package_identification:_identify(.) by extension 'colcon_pkg'
[0.178s] Level 1:colcon.colcon_core.package_identification:_identify(.) by extensions ['colcon_meta']
[0.178s] Level 1:colcon.colcon_core.package_identification:_identify(.) by extension 'colcon_meta'
[0.178s] Level 1:colcon.colcon_core.package_identification:_identify(.) by extensions ['ros']
[0.178s] Level 1:colcon.colcon_core.package_identification:_identify(.) by extension 'ros'
[0.196s] Level 1:colcon.colcon_core.package_identification:_identify(.) by extensions ['cmake', 'python']
[0.196s] Level 1:colcon.colcon_core.package_identification:_identify(.) by extension 'cmake'
[0.196s] Level 1:colcon.colcon_core.package_identification:_identify(.) by extension 'python'
[0.196s] Level 1:colcon.colcon_core.package_identification:_identify(.) by extensions ['python_setup_py']
[0.196s] Level 1:colcon.colcon_core.package_identification:_identify(.) by extension 'python_setup_py'
[0.196s] Level 1:colcon.colcon_core.package_identification:_identify(Architecture) by extensions ['ignore', 'ignore_ament_install']
[0.197s] Level 1:colcon.colcon_core.package_identification:_identify(Architecture) by extension 'ignore'
[0.197s] Level 1:colcon.colcon_core.package_identification:_identify(Architecture) by extension 'ignore_ament_install'
[0.197s] Level 1:colcon.colcon_core.package_identification:_identify(Architecture) by extensions ['colcon_pkg']
[0.197s] Level 1:colcon.colcon_core.package_identification:_identify(Architecture) by extension 'colcon_pkg'
[0.197s] Level 1:colcon.colcon_core.package_identification:_identify(Architecture) by extensions ['colcon_meta']
[0.197s] Level 1:colcon.colcon_core.package_identification:_identify(Architecture) by extension 'colcon_meta'
[0.197s] Level 1:colcon.colcon_core.package_identification:_identify(Architecture) by extensions ['ros']
[0.197s] Level 1:colcon.colcon_core.package_identification:_identify(Architecture) by extension 'ros'
[0.197s] Level 1:colcon.colcon_core.package_identification:_identify(Architecture) by extensions ['cmake', 'python']
[0.197s] Level 1:colcon.colcon_core.package_identification:_identify(Architecture) by extension 'cmake'
[0.197s] Level 1:colcon.colcon_core.package_identification:_identify(Architecture) by extension 'python'
[0.197s] Level 1:colcon.colcon_core.package_identification:_identify(Architecture) by extensions ['python_setup_py']
[0.197s] Level 1:colcon.colcon_core.package_identification:_identify(Architecture) by extension 'python_setup_py'
[0.197s] Level 1:colcon.colcon_core.package_identification:_identify(Requirement) by extensions ['ignore', 'ignore_ament_install']
[0.197s] Level 1:colcon.colcon_core.package_identification:_identify(Requirement) by extension 'ignore'
[0.197s] Level 1:colcon.colcon_core.package_identification:_identify(Requirement) by extension 'ignore_ament_install'
[0.197s] Level 1:colcon.colcon_core.package_identification:_identify(Requirement) by extensions ['colcon_pkg']
[0.197s] Level 1:colcon.colcon_core.package_identification:_identify(Requirement) by extension 'colcon_pkg'
[0.197s] Level 1:colcon.colcon_core.package_identification:_identify(Requirement) by extensions ['colcon_meta']
[0.197s] Level 1:colcon.colcon_core.package_identification:_identify(Requirement) by extension 'colcon_meta'
[0.197s] Level 1:colcon.colcon_core.package_identification:_identify(Requirement) by extensions ['ros']
[0.197s] Level 1:colcon.colcon_core.package_identification:_identify(Requirement) by extension 'ros'
[0.197s] Level 1:colcon.colcon_core.package_identification:_identify(Requirement) by extensions ['cmake', 'python']
[0.197s] Level 1:colcon.colcon_core.package_identification:_identify(Requirement) by extension 'cmake'
[0.197s] Level 1:colcon.colcon_core.package_identification:_identify(Requirement) by extension 'python'
[0.197s] Level 1:colcon.colcon_core.package_identification:_identify(Requirement) by extensions ['python_setup_py']
[0.197s] Level 1:colcon.colcon_core.package_identification:_identify(Requirement) by extension 'python_setup_py'
[0.197s] Level 1:colcon.colcon_core.package_identification:_identify(build) by extensions ['ignore', 'ignore_ament_install']
[0.197s] Level 1:colcon.colcon_core.package_identification:_identify(build) by extension 'ignore'
[0.197s] Level 1:colcon.colcon_core.package_identification:_identify(build) ignored
[0.197s] Level 1:colcon.colcon_core.package_identification:_identify(install) by extensions ['ignore', 'ignore_ament_install']
[0.197s] Level 1:colcon.colcon_core.package_identification:_identify(install) by extension 'ignore'
[0.198s] Level 1:colcon.colcon_core.package_identification:_identify(install) ignored
[0.198s] Level 1:colcon.colcon_core.package_identification:_identify(log) by extensions ['ignore', 'ignore_ament_install']
[0.198s] Level 1:colcon.colcon_core.package_identification:_identify(log) by extension 'ignore'
[0.198s] Level 1:colcon.colcon_core.package_identification:_identify(log) ignored
[0.198s] Level 1:colcon.colcon_core.package_identification:_identify(src) by extensions ['ignore', 'ignore_ament_install']
[0.198s] Level 1:colcon.colcon_core.package_identification:_identify(src) by extension 'ignore'
[0.198s] Level 1:colcon.colcon_core.package_identification:_identify(src) by extension 'ignore_ament_install'
[0.198s] Level 1:colcon.colcon_core.package_identification:_identify(src) by extensions ['colcon_pkg']
[0.198s] Level 1:colcon.colcon_core.package_identification:_identify(src) by extension 'colcon_pkg'
[0.198s] Level 1:colcon.colcon_core.package_identification:_identify(src) by extensions ['colcon_meta']
[0.198s] Level 1:colcon.colcon_core.package_identification:_identify(src) by extension 'colcon_meta'
[0.198s] Level 1:colcon.colcon_core.package_identification:_identify(src) by extensions ['ros']
[0.198s] Level 1:colcon.colcon_core.package_identification:_identify(src) by extension 'ros'
[0.198s] Level 1:colcon.colcon_core.package_identification:_identify(src) by extensions ['cmake', 'python']
[0.198s] Level 1:colcon.colcon_core.package_identification:_identify(src) by extension 'cmake'
[0.198s] Level 1:colcon.colcon_core.package_identification:_identify(src) by extension 'python'
[0.198s] Level 1:colcon.colcon_core.package_identification:_identify(src) by extensions ['python_setup_py']
[0.198s] Level 1:colcon.colcon_core.package_identification:_identify(src) by extension 'python_setup_py'
[0.198s] Level 1:colcon.colcon_core.package_identification:_identify(src/MotionController) by extensions ['ignore', 'ignore_ament_install']
[0.198s] Level 1:colcon.colcon_core.package_identification:_identify(src/MotionController) by extension 'ignore'
[0.198s] Level 1:colcon.colcon_core.package_identification:_identify(src/MotionController) by extension 'ignore_ament_install'
[0.198s] Level 1:colcon.colcon_core.package_identification:_identify(src/MotionController) by extensions ['colcon_pkg']
[0.198s] Level 1:colcon.colcon_core.package_identification:_identify(src/MotionController) by extension 'colcon_pkg'
[0.198s] Level 1:colcon.colcon_core.package_identification:_identify(src/MotionController) by extensions ['colcon_meta']
[0.198s] Level 1:colcon.colcon_core.package_identification:_identify(src/MotionController) by extension 'colcon_meta'
[0.198s] Level 1:colcon.colcon_core.package_identification:_identify(src/MotionController) by extensions ['ros']
[0.198s] Level 1:colcon.colcon_core.package_identification:_identify(src/MotionController) by extension 'ros'
[0.200s] DEBUG:colcon.colcon_core.package_identification:Package 'src/MotionController' with type 'ros.ament_cmake' and name 'MotionController'
[0.200s] Level 1:colcon.colcon_core.package_identification:_identify(src/Rx_Process) by extensions ['ignore', 'ignore_ament_install']
[0.200s] Level 1:colcon.colcon_core.package_identification:_identify(src/Rx_Process) by extension 'ignore'
[0.201s] Level 1:colcon.colcon_core.package_identification:_identify(src/Rx_Process) by extension 'ignore_ament_install'
[0.201s] Level 1:colcon.colcon_core.package_identification:_identify(src/Rx_Process) by extensions ['colcon_pkg']
[0.201s] Level 1:colcon.colcon_core.package_identification:_identify(src/Rx_Process) by extension 'colcon_pkg'
[0.201s] Level 1:colcon.colcon_core.package_identification:_identify(src/Rx_Process) by extensions ['colcon_meta']
[0.201s] Level 1:colcon.colcon_core.package_identification:_identify(src/Rx_Process) by extension 'colcon_meta'
[0.201s] Level 1:colcon.colcon_core.package_identification:_identify(src/Rx_Process) by extensions ['ros']
[0.201s] Level 1:colcon.colcon_core.package_identification:_identify(src/Rx_Process) by extension 'ros'
[0.201s] DEBUG:colcon.colcon_core.package_identification:Package 'src/Rx_Process' with type 'ros.ament_cmake' and name 'Rx_Process'
[0.201s] Level 1:colcon.colcon_core.package_identification:_identify(src/Time_Scheuler) by extensions ['ignore', 'ignore_ament_install']
[0.201s] Level 1:colcon.colcon_core.package_identification:_identify(src/Time_Scheuler) by extension 'ignore'
[0.201s] Level 1:colcon.colcon_core.package_identification:_identify(src/Time_Scheuler) by extension 'ignore_ament_install'
[0.201s] Level 1:colcon.colcon_core.package_identification:_identify(src/Time_Scheuler) by extensions ['colcon_pkg']
[0.201s] Level 1:colcon.colcon_core.package_identification:_identify(src/Time_Scheuler) by extension 'colcon_pkg'
[0.201s] Level 1:colcon.colcon_core.package_identification:_identify(src/Time_Scheuler) by extensions ['colcon_meta']
[0.201s] Level 1:colcon.colcon_core.package_identification:_identify(src/Time_Scheuler) by extension 'colcon_meta'
[0.201s] Level 1:colcon.colcon_core.package_identification:_identify(src/Time_Scheuler) by extensions ['ros']
[0.201s] Level 1:colcon.colcon_core.package_identification:_identify(src/Time_Scheuler) by extension 'ros'
[0.202s] DEBUG:colcon.colcon_core.package_identification:Package 'src/Time_Scheuler' with type 'ros.ament_cmake' and name 'Time_Scheuler'
[0.202s] Level 1:colcon.colcon_core.package_identification:_identify(src/launch) by extensions ['ignore', 'ignore_ament_install']
[0.202s] Level 1:colcon.colcon_core.package_identification:_identify(src/launch) by extension 'ignore'
[0.202s] Level 1:colcon.colcon_core.package_identification:_identify(src/launch) by extension 'ignore_ament_install'
[0.202s] Level 1:colcon.colcon_core.package_identification:_identify(src/launch) by extensions ['colcon_pkg']
[0.202s] Level 1:colcon.colcon_core.package_identification:_identify(src/launch) by extension 'colcon_pkg'
[0.202s] Level 1:colcon.colcon_core.package_identification:_identify(src/launch) by extensions ['colcon_meta']
[0.202s] Level 1:colcon.colcon_core.package_identification:_identify(src/launch) by extension 'colcon_meta'
[0.202s] Level 1:colcon.colcon_core.package_identification:_identify(src/launch) by extensions ['ros']
[0.202s] Level 1:colcon.colcon_core.package_identification:_identify(src/launch) by extension 'ros'
[0.202s] Level 1:colcon.colcon_core.package_identification:_identify(src/launch) by extensions ['cmake', 'python']
[0.202s] Level 1:colcon.colcon_core.package_identification:_identify(src/launch) by extension 'cmake'
[0.202s] Level 1:colcon.colcon_core.package_identification:_identify(src/launch) by extension 'python'
[0.202s] Level 1:colcon.colcon_core.package_identification:_identify(src/launch) by extensions ['python_setup_py']
[0.202s] Level 1:colcon.colcon_core.package_identification:_identify(src/launch) by extension 'python_setup_py'
[0.202s] Level 1:colcon.colcon_core.package_discovery:discover_packages(recursive) using defaults
[0.202s] Level 1:colcon.colcon_core.package_discovery:discover_packages(ignore) discover
[0.202s] Level 1:colcon.colcon_core.package_discovery:discover_packages(ignore) using defaults
[0.202s] Level 1:colcon.colcon_core.package_discovery:discover_packages(path) discover
[0.202s] Level 1:colcon.colcon_core.package_discovery:discover_packages(path) using defaults
[0.220s] Level 5:colcon.colcon_core.verb:set package 'MotionController' build argument 'cmake_args' from command line to 'None'
[0.220s] Level 5:colcon.colcon_core.verb:set package 'MotionController' build argument 'cmake_target' from command line to 'None'
[0.220s] Level 5:colcon.colcon_core.verb:set package 'MotionController' build argument 'cmake_target_skip_unavailable' from command line to 'False'
[0.220s] Level 5:colcon.colcon_core.verb:set package 'MotionController' build argument 'cmake_clean_cache' from command line to 'False'
[0.220s] Level 5:colcon.colcon_core.verb:set package 'MotionController' build argument 'cmake_clean_first' from command line to 'False'
[0.220s] Level 5:colcon.colcon_core.verb:set package 'MotionController' build argument 'cmake_force_configure' from command line to 'False'
[0.220s] Level 5:colcon.colcon_core.verb:set package 'MotionController' build argument 'ament_cmake_args' from command line to 'None'
[0.220s] Level 5:colcon.colcon_core.verb:set package 'MotionController' build argument 'catkin_cmake_args' from command line to 'None'
[0.220s] Level 5:colcon.colcon_core.verb:set package 'MotionController' build argument 'catkin_skip_building_tests' from command line to 'False'
[0.220s] DEBUG:colcon.colcon_core.verb:Building package 'MotionController' with the following arguments: {'ament_cmake_args': None, 'build_base': '/Users/shinbeomcheol/Documents/GitHub/ros2_ws/build/MotionController', 'catkin_cmake_args': None, 'catkin_skip_building_tests': False, 'cmake_args': None, 'cmake_clean_cache': False, 'cmake_clean_first': False, 'cmake_force_configure': False, 'cmake_target': None, 'cmake_target_skip_unavailable': False, 'install_base': '/Users/shinbeomcheol/Documents/GitHub/ros2_ws/install/MotionController', 'merge_install': False, 'path': '/Users/shinbeomcheol/Documents/GitHub/ros2_ws/src/MotionController', 'symlink_install': False, 'test_result_base': None}
[0.220s] Level 5:colcon.colcon_core.verb:set package 'Rx_Process' build argument 'cmake_args' from command line to 'None'
[0.220s] Level 5:colcon.colcon_core.verb:set package 'Rx_Process' build argument 'cmake_target' from command line to 'None'
[0.220s] Level 5:colcon.colcon_core.verb:set package 'Rx_Process' build argument 'cmake_target_skip_unavailable' from command line to 'False'
[0.220s] Level 5:colcon.colcon_core.verb:set package 'Rx_Process' build argument 'cmake_clean_cache' from command line to 'False'
[0.220s] Level 5:colcon.colcon_core.verb:set package 'Rx_Process' build argument 'cmake_clean_first' from command line to 'False'
[0.220s] Level 5:colcon.colcon_core.verb:set package 'Rx_Process' build argument 'cmake_force_configure' from command line to 'False'
[0.220s] Level 5:colcon.colcon_core.verb:set package 'Rx_Process' build argument 'ament_cmake_args' from command line to 'None'
[0.220s] Level 5:colcon.colcon_core.verb:set package 'Rx_Process' build argument 'catkin_cmake_args' from command line to 'None'
[0.220s] Level 5:colcon.colcon_core.verb:set package 'Rx_Process' build argument 'catkin_skip_building_tests' from command line to 'False'
[0.220s] DEBUG:colcon.colcon_core.verb:Building package 'Rx_Process' with the following arguments: {'ament_cmake_args': None, 'build_base': '/Users/shinbeomcheol/Documents/GitHub/ros2_ws/build/Rx_Process', 'catkin_cmake_args': None, 'catkin_skip_building_tests': False, 'cmake_args': None, 'cmake_clean_cache': False, 'cmake_clean_first': False, 'cmake_force_configure': False, 'cmake_target': None, 'cmake_target_skip_unavailable': False, 'install_base': '/Users/shinbeomcheol/Documents/GitHub/ros2_ws/install/Rx_Process', 'merge_install': False, 'path': '/Users/shinbeomcheol/Documents/GitHub/ros2_ws/src/Rx_Process', 'symlink_install': False, 'test_result_base': None}
[0.220s] Level 5:colcon.colcon_core.verb:set package 'Time_Scheuler' build argument 'cmake_args' from command line to 'None'
[0.220s] Level 5:colcon.colcon_core.verb:set package 'Time_Scheuler' build argument 'cmake_target' from command line to 'None'
[0.220s] Level 5:colcon.colcon_core.verb:set package 'Time_Scheuler' build argument 'cmake_target_skip_unavailable' from command line to 'False'
[0.220s] Level 5:colcon.colcon_core.verb:set package 'Time_Scheuler' build argument 'cmake_clean_cache' from command line to 'False'
[0.220s] Level 5:colcon.colcon_core.verb:set package 'Time_Scheuler' build argument 'cmake_clean_first' from command line to 'False'
[0.220s] Level 5:colcon.colcon_core.verb:set package 'Time_Scheuler' build argument 'cmake_force_configure' from command line to 'False'
[0.220s] Level 5:colcon.colcon_core.verb:set package 'Time_Scheuler' build argument 'ament_cmake_args' from command line to 'None'
[0.220s] Level 5:colcon.colcon_core.verb:set package 'Time_Scheuler' build argument 'catkin_cmake_args' from command line to 'None'
[0.220s] Level 5:colcon.colcon_core.verb:set package 'Time_Scheuler' build argument 'catkin_skip_building_tests' from command line to 'False'
[0.220s] DEBUG:colcon.colcon_core.verb:Building package 'Time_Scheuler' with the following arguments: {'ament_cmake_args': None, 'build_base': '/Users/shinbeomcheol/Documents/GitHub/ros2_ws/build/Time_Scheuler', 'catkin_cmake_args': None, 'catkin_skip_building_tests': False, 'cmake_args': None, 'cmake_clean_cache': False, 'cmake_clean_first': False, 'cmake_force_configure': False, 'cmake_target': None, 'cmake_target_skip_unavailable': False, 'install_base': '/Users/shinbeomcheol/Documents/GitHub/ros2_ws/install/Time_Scheuler', 'merge_install': False, 'path': '/Users/shinbeomcheol/Documents/GitHub/ros2_ws/src/Time_Scheuler', 'symlink_install': False, 'test_result_base': None}
[0.221s] INFO:colcon.colcon_core.executor:Executing jobs using 'parallel' executor
[0.221s] DEBUG:colcon.colcon_parallel_executor.executor.parallel:run_until_complete
[0.221s] INFO:colcon.colcon_ros.task.ament_cmake.build:Building ROS package in '/Users/shinbeomcheol/Documents/GitHub/ros2_ws/src/MotionController' with build type 'ament_cmake'
[0.221s] INFO:colcon.colcon_cmake.task.cmake.build:Building CMake package in '/Users/shinbeomcheol/Documents/GitHub/ros2_ws/src/MotionController'
[0.223s] INFO:colcon.colcon_core.plugin_system:Skipping extension 'colcon_core.shell.bat': Not used on non-Windows systems
[0.223s] INFO:colcon.colcon_core.shell:Skip shell extension 'powershell' for command environment: Not usable outside of PowerShell
[0.223s] DEBUG:colcon.colcon_core.shell:Skip shell extension 'dsv' for command environment
[0.227s] INFO:colcon.colcon_ros.task.ament_cmake.build:Building ROS package in '/Users/shinbeomcheol/Documents/GitHub/ros2_ws/src/Rx_Process' with build type 'ament_cmake'
[0.227s] INFO:colcon.colcon_cmake.task.cmake.build:Building CMake package in '/Users/shinbeomcheol/Documents/GitHub/ros2_ws/src/Rx_Process'
[0.228s] INFO:colcon.colcon_core.shell:Skip shell extension 'powershell' for command environment: Not usable outside of PowerShell
[0.228s] DEBUG:colcon.colcon_core.shell:Skip shell extension 'dsv' for command environment
[0.230s] INFO:colcon.colcon_ros.task.ament_cmake.build:Building ROS package in '/Users/shinbeomcheol/Documents/GitHub/ros2_ws/src/Time_Scheuler' with build type 'ament_cmake'
[0.230s] INFO:colcon.colcon_cmake.task.cmake.build:Building CMake package in '/Users/shinbeomcheol/Documents/GitHub/ros2_ws/src/Time_Scheuler'
[0.231s] INFO:colcon.colcon_core.shell:Skip shell extension 'powershell' for command environment: Not usable outside of PowerShell
[0.231s] DEBUG:colcon.colcon_core.shell:Skip shell extension 'dsv' for command environment
[0.240s] DEBUG:colcon.colcon_core.event_handler.log_command:Invoking command in '/Users/shinbeomcheol/Documents/GitHub/ros2_ws/build/MotionController': SHLVL=2 _=/usr/bin/env /opt/homebrew/bin/cmake /Users/shinbeomcheol/Documents/GitHub/ros2_ws/src/MotionController -DCMAKE_INSTALL_PREFIX=/Users/shinbeomcheol/Documents/GitHub/ros2_ws/install/MotionController
[0.243s] DEBUG:colcon.colcon_core.event_handler.log_command:Invoking command in '/Users/shinbeomcheol/Documents/GitHub/ros2_ws/build/Rx_Process': SHLVL=2 _=/usr/bin/env /opt/homebrew/bin/cmake /Users/shinbeomcheol/Documents/GitHub/ros2_ws/src/Rx_Process -DCMAKE_INSTALL_PREFIX=/Users/shinbeomcheol/Documents/GitHub/ros2_ws/install/Rx_Process
[0.246s] DEBUG:colcon.colcon_core.event_handler.log_command:Invoking command in '/Users/shinbeomcheol/Documents/GitHub/ros2_ws/build/Time_Scheuler': SHLVL=2 _=/usr/bin/env /opt/homebrew/bin/cmake /Users/shinbeomcheol/Documents/GitHub/ros2_ws/src/Time_Scheuler -DCMAKE_INSTALL_PREFIX=/Users/shinbeomcheol/Documents/GitHub/ros2_ws/install/Time_Scheuler
[3.064s] DEBUG:colcon.colcon_core.event_handler.log_command:Invoked command in '/Users/shinbeomcheol/Documents/GitHub/ros2_ws/build/Rx_Process' returned '1': SHLVL=2 _=/usr/bin/env /opt/homebrew/bin/cmake /Users/shinbeomcheol/Documents/GitHub/ros2_ws/src/Rx_Process -DCMAKE_INSTALL_PREFIX=/Users/shinbeomcheol/Documents/GitHub/ros2_ws/install/Rx_Process
[3.064s] DEBUG:colcon.colcon_core.event_handler.log_command:Invoked command in '/Users/shinbeomcheol/Documents/GitHub/ros2_ws/build/Time_Scheuler' returned '1': SHLVL=2 _=/usr/bin/env /opt/homebrew/bin/cmake /Users/shinbeomcheol/Documents/GitHub/ros2_ws/src/Time_Scheuler -DCMAKE_INSTALL_PREFIX=/Users/shinbeomcheol/Documents/GitHub/ros2_ws/install/Time_Scheuler
[3.064s] DEBUG:colcon.colcon_core.event_handler.log_command:Invoked command in '/Users/shinbeomcheol/Documents/GitHub/ros2_ws/build/MotionController' returned '1': SHLVL=2 _=/usr/bin/env /opt/homebrew/bin/cmake /Users/shinbeomcheol/Documents/GitHub/ros2_ws/src/MotionController -DCMAKE_INSTALL_PREFIX=/Users/shinbeomcheol/Documents/GitHub/ros2_ws/install/MotionController
[3.073s] Level 1:colcon.colcon_core.environment:create_environment_scripts_only(Rx_Process)
[3.076s] Level 1:colcon.colcon_core.environment:checking '/Users/shinbeomcheol/Documents/GitHub/ros2_ws/install/Rx_Process' for CMake module files
[3.076s] Level 1:colcon.colcon_core.environment:checking '/Users/shinbeomcheol/Documents/GitHub/ros2_ws/install/Rx_Process' for CMake config files
[3.076s] Level 1:colcon.colcon_core.environment:checking '/Users/shinbeomcheol/Documents/GitHub/ros2_ws/install/Rx_Process/lib'
[3.077s] Level 1:colcon.colcon_core.environment:checking '/Users/shinbeomcheol/Documents/GitHub/ros2_ws/install/Rx_Process/bin'
[3.077s] Level 1:colcon.colcon_core.environment:checking '/Users/shinbeomcheol/Documents/GitHub/ros2_ws/install/Rx_Process/lib/pkgconfig/Rx_Process.pc'
[3.077s] Level 1:colcon.colcon_core.environment:checking '/Users/shinbeomcheol/Documents/GitHub/ros2_ws/install/Rx_Process/lib/python3.9/site-packages'
[3.077s] Level 1:colcon.colcon_core.environment:checking '/Users/shinbeomcheol/Documents/GitHub/ros2_ws/install/Rx_Process/bin'
[3.077s] INFO:colcon.colcon_core.shell:Creating package script '/Users/shinbeomcheol/Documents/GitHub/ros2_ws/install/Rx_Process/share/Rx_Process/package.ps1'
[3.078s] INFO:colcon.colcon_core.shell:Creating package descriptor '/Users/shinbeomcheol/Documents/GitHub/ros2_ws/install/Rx_Process/share/Rx_Process/package.dsv'
[3.079s] INFO:colcon.colcon_core.shell:Creating package script '/Users/shinbeomcheol/Documents/GitHub/ros2_ws/install/Rx_Process/share/Rx_Process/package.sh'
[3.080s] INFO:colcon.colcon_core.shell:Creating package script '/Users/shinbeomcheol/Documents/GitHub/ros2_ws/install/Rx_Process/share/Rx_Process/package.bash'
[3.081s] INFO:colcon.colcon_core.shell:Creating package script '/Users/shinbeomcheol/Documents/GitHub/ros2_ws/install/Rx_Process/share/Rx_Process/package.zsh'
[3.082s] Level 1:colcon.colcon_core.environment:create_file_with_runtime_dependencies(/Users/shinbeomcheol/Documents/GitHub/ros2_ws/install/Rx_Process/share/colcon-core/packages/Rx_Process)
[3.082s] Level 1:colcon.colcon_core.environment:create_environment_scripts_only(Time_Scheuler)
[3.082s] Level 1:colcon.colcon_core.environment:checking '/Users/shinbeomcheol/Documents/GitHub/ros2_ws/install/Time_Scheuler' for CMake module files
[3.082s] Level 1:colcon.colcon_core.environment:checking '/Users/shinbeomcheol/Documents/GitHub/ros2_ws/install/Time_Scheuler' for CMake config files
[3.083s] Level 1:colcon.colcon_core.environment:checking '/Users/shinbeomcheol/Documents/GitHub/ros2_ws/install/Time_Scheuler/lib'
[3.083s] Level 1:colcon.colcon_core.environment:checking '/Users/shinbeomcheol/Documents/GitHub/ros2_ws/install/Time_Scheuler/bin'
[3.083s] Level 1:colcon.colcon_core.environment:checking '/Users/shinbeomcheol/Documents/GitHub/ros2_ws/install/Time_Scheuler/lib/pkgconfig/Time_Scheuler.pc'
[3.083s] Level 1:colcon.colcon_core.environment:checking '/Users/shinbeomcheol/Documents/GitHub/ros2_ws/install/Time_Scheuler/lib/python3.9/site-packages'
[3.083s] Level 1:colcon.colcon_core.environment:checking '/Users/shinbeomcheol/Documents/GitHub/ros2_ws/install/Time_Scheuler/bin'
[3.083s] INFO:colcon.colcon_core.shell:Creating package script '/Users/shinbeomcheol/Documents/GitHub/ros2_ws/install/Time_Scheuler/share/Time_Scheuler/package.ps1'
[3.084s] INFO:colcon.colcon_core.shell:Creating package descriptor '/Users/shinbeomcheol/Documents/GitHub/ros2_ws/install/Time_Scheuler/share/Time_Scheuler/package.dsv'
[3.084s] INFO:colcon.colcon_core.shell:Creating package script '/Users/shinbeomcheol/Documents/GitHub/ros2_ws/install/Time_Scheuler/share/Time_Scheuler/package.sh'
[3.085s] INFO:colcon.colcon_core.shell:Creating package script '/Users/shinbeomcheol/Documents/GitHub/ros2_ws/install/Time_Scheuler/share/Time_Scheuler/package.bash'
[3.085s] INFO:colcon.colcon_core.shell:Creating package script '/Users/shinbeomcheol/Documents/GitHub/ros2_ws/install/Time_Scheuler/share/Time_Scheuler/package.zsh'
[3.085s] Level 1:colcon.colcon_core.environment:create_file_with_runtime_dependencies(/Users/shinbeomcheol/Documents/GitHub/ros2_ws/install/Time_Scheuler/share/colcon-core/packages/Time_Scheuler)
[3.097s] DEBUG:colcon.colcon_parallel_executor.executor.parallel:closing loop
[3.097s] DEBUG:colcon.colcon_parallel_executor.executor.parallel:loop closed
[3.097s] DEBUG:colcon.colcon_parallel_executor.executor.parallel:run_until_complete finished with '1'
[3.097s] DEBUG:colcon.colcon_core.event_reactor:joining thread
[3.099s] INFO:colcon.colcon_core.plugin_system:Skipping extension 'colcon_notification.desktop_notification.notify2': 'notify2' not found
[3.099s] INFO:colcon.colcon_core.plugin_system:Skipping extension 'colcon_notification.desktop_notification.notify_send': Not used on non-Linux systems
[3.099s] INFO:colcon.colcon_core.plugin_system:Skipping extension 'colcon_notification.desktop_notification.win32': Not used on non-Windows systems
[3.099s] INFO:colcon.colcon_notification.desktop_notification:Sending desktop notification using 'terminal_notifier'
[3.138s] DEBUG:colcon.colcon_core.event_reactor:joined thread
[3.139s] INFO:colcon.colcon_core.shell:Creating prefix script '/Users/shinbeomcheol/Documents/GitHub/ros2_ws/install/local_setup.ps1'
[3.141s] INFO:colcon.colcon_core.shell:Creating prefix util module '/Users/shinbeomcheol/Documents/GitHub/ros2_ws/install/_local_setup_util_ps1.py'
[3.143s] INFO:colcon.colcon_core.shell:Creating prefix chain script '/Users/shinbeomcheol/Documents/GitHub/ros2_ws/install/setup.ps1'
[3.144s] INFO:colcon.colcon_core.shell:Creating prefix script '/Users/shinbeomcheol/Documents/GitHub/ros2_ws/install/local_setup.sh'
[3.145s] INFO:colcon.colcon_core.shell:Creating prefix util module '/Users/shinbeomcheol/Documents/GitHub/ros2_ws/install/_local_setup_util_sh.py'
[3.145s] INFO:colcon.colcon_core.shell:Creating prefix chain script '/Users/shinbeomcheol/Documents/GitHub/ros2_ws/install/setup.sh'
[3.147s] INFO:colcon.colcon_core.shell:Creating prefix script '/Users/shinbeomcheol/Documents/GitHub/ros2_ws/install/local_setup.bash'
[3.147s] INFO:colcon.colcon_core.shell:Creating prefix chain script '/Users/shinbeomcheol/Documents/GitHub/ros2_ws/install/setup.bash'
[3.149s] INFO:colcon.colcon_core.shell:Creating prefix script '/Users/shinbeomcheol/Documents/GitHub/ros2_ws/install/local_setup.zsh'
[3.149s] INFO:colcon.colcon_core.shell:Creating prefix chain script '/Users/shinbeomcheol/Documents/GitHub/ros2_ws/install/setup.zsh'
