[0.014s] Invoking command in '/Users/shinbeomcheol/Documents/GitHub/ros2_ws/build/Time_Scheuler': SHLVL=2 _=/usr/bin/env /opt/homebrew/bin/cmake /Users/shinbeomcheol/Documents/GitHub/ros2_ws/src/Time_Scheuler -DCMAKE_INSTALL_PREFIX=/Users/shinbeomcheol/Documents/GitHub/ros2_ws/install/Time_Scheuler
[0.308s] CMake Deprecation Warning at CMakeLists.txt:1 (cmake_minimum_required):
[0.308s]   Compatibility with CMake < 3.10 will be removed from a future version of
[0.309s]   CMake.
[0.309s] 
[0.309s]   Update the VERSION argument <min> value.  Or, use the <min>...<max> syntax
[0.309s]   to tell CMake that the project requires at least <min> but has been updated
[0.309s]   to work with policies introduced by <max> or earlier.
[0.309s] 
[0.309s] 
[2.047s] -- The C compiler identification is AppleClang 17.0.0.17000013
[2.136s] -- The CXX compiler identification is AppleClang 17.0.0.17000013
[2.182s] -- Detecting C compiler ABI info
[2.522s] -- Detecting C compiler ABI info - done
[2.539s] -- Check for working C compiler: /usr/bin/cc - skipped
[2.540s] -- Detecting C compile features
[2.540s] -- Detecting C compile features - done
[2.548s] -- Detecting CXX compiler ABI info
[2.727s] -- Detecting CXX compiler ABI info - done
[2.743s] -- Check for working CXX compiler: /usr/bin/c++ - skipped
[2.744s] -- Detecting CXX compile features
[2.744s] -- Detecting CXX compile features - done
[2.822s] CMake Error at CMakeLists.txt:10 (find_package):
[2.822s]   By not providing "Findament_cmake.cmake" in CMAKE_MODULE_PATH this project
[2.822s]   has asked CMake to find a package configuration file provided by
[2.822s]   "ament_cmake", but CMake did not find one.
[2.822s] 
[2.822s]   Could not find a package configuration file provided by "ament_cmake" with
[2.822s]   any of the following names:
[2.822s] 
[2.823s]     ament_cmakeConfig.cmake
[2.823s]     ament_cmake-config.cmake
[2.825s] 
[2.825s]   Add the installation prefix of "ament_cmake" to CMAKE_PREFIX_PATH or set
[2.825s]   "ament_cmake_DIR" to a directory containing one of the above files.  If
[2.826s]   "ament_cmake" provides a separate development package or SDK, be sure it
[2.826s]   has been installed.
[2.826s] 
[2.826s] 
[2.826s] -- Configuring incomplete, errors occurred!
[2.833s] Invoked command in '/Users/shinbeomcheol/Documents/GitHub/ros2_ws/build/Time_Scheuler' returned '1': SHLVL=2 _=/usr/bin/env /opt/homebrew/bin/cmake /Users/shinbeomcheol/Documents/GitHub/ros2_ws/src/Time_Scheuler -DCMAKE_INSTALL_PREFIX=/Users/shinbeomcheol/Documents/GitHub/ros2_ws/install/Time_Scheuler
